<?xml version="1.0" encoding="UTF-8"?>
<!-- Generated by org.testng.reporters.JUnitReportReporter -->
<testsuite hostname="LAPTOP-2O2OQDG4" failures="0" tests="1" name="TestApi.WaysToCreatePostRequest" time="1.998" errors="0" timestamp="2025-03-14T18:46:04 IST" skipped="0">
  <testcase classname="TestApi.WaysToCreatePostRequest" name="postUsingJSONLibrary" time="1.998"/>
</testsuite> <!-- TestApi.WaysToCreatePostRequest -->
