<?xml version="1.0" encoding="UTF-8"?>
<!-- Generated by org.testng.reporters.JUnitReportReporter -->
<testsuite hostname="LAPTOP-2O2OQDG4" failures="0" tests="4" name="TestApi.HTTPRequests" time="6.082" errors="0" timestamp="2025-03-16T14:39:05 IST" skipped="0">
  <testcase classname="TestApi.HTTPRequests" name="getUsers" time="2.871"/>
  <testcase classname="TestApi.HTTPRequests" name="PostUser" time="1.603"/>
  <testcase classname="TestApi.HTTPRequests" name="UpdateUser" time="0.822"/>
  <testcase classname="TestApi.HTTPRequests" name="DeleteUser" time="0.786"/>
</testsuite> <!-- TestApi.HTTPRequests -->
