<?xml version="1.0" encoding="UTF-8"?>
<!-- Generated by org.testng.reporters.JUnitReportReporter -->
<testsuite hostname="LAPTOP-2O2OQDG4" failures="0" tests="1" name="TestApi.HeadersDemo" time="1.771" errors="0" timestamp="2025-03-15T11:23:08 IST" skipped="0">
  <testcase classname="TestApi.HeadersDemo" name="header" time="1.771"/>
</testsuite> <!-- TestApi.HeadersDemo -->
