<?xml version="1.0" encoding="UTF-8"?>
<!-- Generated by org.testng.reporters.JUnitReportReporter -->
<testsuite hostname="LAPTOP-2O2OQDG4" failures="0" tests="1" name="TestApi.TypesOfQueryAndPathParameters" time="1.268" errors="0" timestamp="2025-03-15T10:12:42 IST" skipped="0">
  <testcase classname="TestApi.TypesOfQueryAndPathParameters" name="parameters" time="1.268"/>
</testsuite> <!-- TestApi.TypesOfQueryAndPathParameters -->
