<?xml version="1.0" encoding="UTF-8"?>
<!-- Generated by org.testng.reporters.JUnitReportReporter -->
<testsuite hostname="LAPTOP-2O2OQDG4" failures="0" tests="3" name="TestApi.Auth" time="10.728" errors="0" timestamp="2025-03-22T23:33:32 IST" skipped="0">
  <testcase classname="TestApi.Auth" name="getDetailsById" time="5.106"/>
  <testcase classname="TestApi.Auth" name="PostRequest" time="2.047"/>
  <testcase classname="TestApi.Auth" name="PutRequest" time="3.575"/>
</testsuite> <!-- TestApi.Auth -->
