<?xml version="1.0" encoding="UTF-8"?>
<!-- Generated by org.testng.reporters.JUnitReportReporter -->
<testsuite hostname="LAPTOP-2O2OQDG4" failures="0" tests="1" name="TestApi.PostRequestUsingAuth" time="3.241" errors="0" timestamp="2025-03-20T22:41:00 IST" skipped="0">
  <testcase classname="TestApi.PostRequestUsingAuth" name="PutRequest" time="3.241"/>
</testsuite> <!-- TestApi.PostRequestUsingAuth -->
