<?xml version="1.0" encoding="UTF-8"?>
<!-- Generated by org.testng.reporters.JUnitReportReporter -->
<testsuite hostname="LAPTOP-2O2OQDG4" failures="0" tests="1" name="TestApi.CookiesDemo" time="2.447" errors="0" timestamp="2025-03-15T11:02:57 IST" skipped="0">
  <testcase classname="TestApi.CookiesDemo" name="cookies" time="2.447"/>
</testsuite> <!-- TestApi.CookiesDemo -->
