<?xml version="1.0" encoding="UTF-8"?>
<!-- Generated by org.testng.reporters.JUnitReportReporter -->
<testsuite hostname="LAPTOP-2O2OQDG4" failures="0" tests="1" name="TestApi.Parsing" time="1.149" errors="0" timestamp="2025-03-17T21:13:00 IST" skipped="0">
  <testcase classname="TestApi.Parsing" name="bodyParse" time="1.149"/>
</testsuite> <!-- TestApi.Parsing -->
